<?xml version="1.0" encoding="UTF-8"?>
<!-- Generated by org.testng.reporters.JUnitReportReporter -->
<testsuite hostname="iamseanwhite-PC" name="com.seanwhite.apicall.AppTest" tests="1" failures="0" timestamp="7 Sep 2016 20:32:17 GMT" time="0.001" errors="0">
  <testcase name="testApp" time="0.001" classname="com.seanwhite.apicall.AppTest"/>
</testsuite> <!-- com.seanwhite.apicall.AppTest -->
