<?xml version="1.0" encoding="UTF-8"?>
<!-- Generated by org.testng.reporters.JUnitReportReporter -->
<testsuite hostname="iamseanwhite-PC" name="com.seanwhite.apicall.testngTest" tests="1" failures="0" timestamp="7 Sep 2016 23:21:47 GMT" time="0.414" errors="0">
  <testcase name="temperatureTest" time="0.414" classname="com.seanwhite.apicall.testngTest"/>
</testsuite> <!-- com.seanwhite.apicall.testngTest -->
